Arguments: 
  /usr/local/bin/node /usr/local/Cellar/yarn/1.22.17_2/libexec/bin/yarn.js

PATH: 
  /usr/local/opt/python@3.10/bin:/usr/local/opt/python@3.10/bin:/opt/local/bin:/opt/local/sbin:/Library/Frameworks/Python.framework/Versions/3.9/bin:/usr/local/bin:/usr/bin:/bin:/usr/sbin:/sbin:/usr/local/share/dotnet:~/.dotnet/tools:/Library/Apple/usr/bin:/Library/Frameworks/Mono.framework/Versions/Current/Commands:/Users/kimseojin/Library/Android/sdk/platform-tools:/usr/local/opt/python@3.10/bin:/opt/local/bin:/opt/local/sbin:/Library/Frameworks/Python.framework/Versions/3.9/bin:/Users/kimseojin/Library/Android/sdk/emulator:/Users/kimseojin/Library/Android/sdk/tools:/Users/kimseojin/Library/Android/sdk/tools/bin:/Users/kimseojin/Library/Android/sdk/emulator:/Users/kimseojin/Library/Android/sdk/tools:/Users/kimseojin/Library/Android/sdk/tools/bin:/Users/kimseojin/Library/Android/sdk/platform-tools

Yarn version: 
  1.22.17

Node version: 
  16.0.0

Platform: 
  darwin x64

Trace: 
  SyntaxError: /Users/kimseojin/WhaleDone-Client/package.json: Unexpected token < in JSON at position 1435
      at JSON.parse (<anonymous>)
      at /usr/local/Cellar/yarn/1.22.17_2/libexec/lib/cli.js:1625:59
      at Generator.next (<anonymous>)
      at step (/usr/local/Cellar/yarn/1.22.17_2/libexec/lib/cli.js:310:30)
      at /usr/local/Cellar/yarn/1.22.17_2/libexec/lib/cli.js:321:13

npm manifest: 
  {
    "name": "whaledone",
    "version": "1.0.0",
    "main": "node_modules/expo/AppEntry.js",
    "scripts": {
      "start": "expo start",
      "android": "expo start --android",
      "ios": "expo start --ios",
      "web": "expo start --web",
      "eject": "expo eject",
      "lint": "yarn lint-eslint && yarn lint-prettier",
      "lint-eslint": "eslint --ext .ts,.tsx . --fix",
      "lint-prettier": "prettier --write \"**/*.(ts|tsx)\""
    },
    "dependencies": {
      "@expo-google-fonts/inter": "0.2.2",
      "@react-native-community/datetimepicker": "4.0.0",
      "@react-navigation/bottom-tabs": "6.2.0",
      "@react-navigation/native": "6.0.8",
      "@react-navigation/native-stack": "6.5.0",
      "@react-navigation/stack": "6.1.1",
      "@types/react-native-snap-carousel": "^3.8.5",
      "@types/styled-components": "5.1.22",
      "expo": "~44.0.0",
      "expo-app-loading": "~1.3.0",
      "expo-av": "~10.2.0",
      "expo-font": "~10.0.4",
      "expo-image-picker": "~12.0.1",
      "expo-status-bar": "~1.2.0",
      "expo-updates": "~0.11.6",
      "react": "17.0.1",
      "react-dom": "17.0.1",
      "react-native": "0.64.3",
      "react-native-elements": "^3.4.2",
      "react-native-gesture-bottom-sheet": "1.1.0",
      "react-native-gesture-handler": "~2.1.0",
      "react-native-maps": "^0.30.1",
      "react-native-pages": "0.9.0",
      "react-native-reanimated": "~2.1.0",
      "react-native-safe-area-context": "3.2.0",
      "react-native-screens": "~3.0.0",
  <<<<<<< HEAD
      "react-native-svg": "12.3.0",
  =======
      "react-native-snap-carousel": "^3.9.1",
  >>>>>>> dev
      "react-native-swiper": "1.6.0",
      "react-native-web": "0.17.1",
      "styled-components": "5.3.3"
    },
    "devDependencies": {
      "@babel/core": "^7.12.9",
      "@babel/eslint-parser": "^7.5.4",
      "@types/react": "~17.0.21",
      "@types/react-native": "~0.64.12",
      "@typescript-eslint/eslint-plugin": "5.13.0",
      "@typescript-eslint/parser": "5.13.0",
      "eslint": "8.9.0",
      "eslint-config-airbnb": "19.0.4",
      "eslint-config-prettier": "8.3.0",
      "eslint-plugin-import": "2.25.4",
      "eslint-plugin-jsx-a11y": "6.5.1",
      "eslint-plugin-prettier": "4.0.0",
      "eslint-plugin-react": "7.28.0",
      "prettier": "2.5.1",
      "typescript": "~4.3.5"
    },
    "private": true
  }

yarn manifest: 
  No manifest

Lockfile: 
  No lockfile
